<?xml version="1.0" encoding="UTF-8"?>
<!-- Generated by org.testng.reporters.JUnitReportReporter -->
<testsuite hostname="Deepi" failures="0" tests="5" name="com.salesforce.automation.CreateAccount" time="105.016" errors="0" timestamp="2022-06-12T01:18:23 PDT" skipped="0">
  <testcase classname="com.salesforce.automation.CreateAccount" name="CreateAnAccount" time="19.000"/>
  <system-out/>
  <testcase classname="com.salesforce.automation.CreateAccount" name="CreateAccountReport" time="28.630"/>
  <system-out/>
  <testcase classname="com.salesforce.automation.CreateAccount" name="CreateNewView" time="17.794"/>
  <system-out/>
  <testcase classname="com.salesforce.automation.CreateAccount" name="EditView" time="18.287"/>
  <system-out/>
  <testcase classname="com.salesforce.automation.CreateAccount" name="MergeAccounts" time="21.305"/>
  <system-out/>
</testsuite> <!-- com.salesforce.automation.CreateAccount -->
