<?xml version="1.0" encoding="UTF-8"?>
<!-- Generated by org.testng.reporters.JUnitReportReporter -->
<testsuite hostname="Deepi" failures="0" tests="8" name="com.salesforce.automation.Contacts" time="143.472" errors="0" timestamp="2022-06-12T01:18:23 PDT" skipped="0">
  <testcase classname="com.salesforce.automation.Contacts" name="CheckRecentlyCreatedContact" time="16.099"/>
  <system-out/>
  <testcase classname="com.salesforce.automation.Contacts" name="CheckCancelbutton" time="17.491"/>
  <system-out/>
  <testcase classname="com.salesforce.automation.Contacts" name="ViewAContact" time="16.971"/>
  <system-out/>
  <testcase classname="com.salesforce.automation.Contacts" name="CheckSaveAndNewButton" time="17.550"/>
  <system-out/>
  <testcase classname="com.salesforce.automation.Contacts" name="MyContactsView" time="21.668"/>
  <system-out/>
  <testcase classname="com.salesforce.automation.Contacts" name="CheckErrorMessage" time="17.513"/>
  <system-out/>
  <testcase classname="com.salesforce.automation.Contacts" name="CreateNewView" time="17.730"/>
  <system-out/>
  <testcase classname="com.salesforce.automation.Contacts" name="CreateNewContact" time="18.450"/>
  <system-out/>
</testsuite> <!-- com.salesforce.automation.Contacts -->
