<?xml version="1.0" encoding="UTF-8"?>
<!-- Generated by org.testng.reporters.JUnitReportReporter -->
<testsuite hostname="Deepi" failures="0" tests="5" name="com.salesforce.automation.UserMenuDropDown" time="93.428" errors="0" timestamp="2022-06-12T01:18:23 PDT" skipped="0">
  <testcase classname="com.salesforce.automation.UserMenuDropDown" name="DevelopersConsole" time="5.717"/>
  <system-out/>
  <testcase classname="com.salesforce.automation.UserMenuDropDown" name="MyProfile" time="66.847"/>
  <system-out/>
  <testcase classname="com.salesforce.automation.UserMenuDropDown" name="LogoutUserMenu" time="5.739"/>
  <system-out/>
  <testcase classname="com.salesforce.automation.UserMenuDropDown" name="MySettings" time="9.354"/>
  <system-out/>
  <testcase classname="com.salesforce.automation.UserMenuDropDown" name="UserMenu" time="5.771"/>
  <system-out/>
</testsuite> <!-- com.salesforce.automation.UserMenuDropDown -->
