<?xml version="1.0" encoding="UTF-8"?>
<!-- Generated by org.testng.reporters.JUnitReportReporter -->
<testsuite hostname="Deepi" failures="0" tests="5" name="com.salesforce.automation.CreateOpportunity" time="89.156" errors="0" timestamp="2022-06-12T01:18:23 PDT" skipped="0">
  <testcase classname="com.salesforce.automation.CreateOpportunity" name="TestQuaterlySummaryReport" time="20.940"/>
  <system-out/>
  <testcase classname="com.salesforce.automation.CreateOpportunity" name="TestOpportunityPipelineReport" time="16.886"/>
  <system-out/>
  <testcase classname="com.salesforce.automation.CreateOpportunity" name="TestStuckOpportunitiesReport" time="16.868"/>
  <system-out/>
  <testcase classname="com.salesforce.automation.CreateOpportunity" name="UserMenuDropDown" time="16.920"/>
  <system-out/>
  <testcase classname="com.salesforce.automation.CreateOpportunity" name="CreateNewOpportunity" time="17.542"/>
  <system-out/>
</testsuite> <!-- com.salesforce.automation.CreateOpportunity -->
