<?xml version="1.0" encoding="UTF-8"?>
<!-- Generated by org.testng.reporters.JUnitReportReporter -->
<testsuite hostname="Deepi" failures="0" tests="5" name="com.salesforce.automation.Leads" time="103.594" errors="0" timestamp="2022-06-12T01:18:23 PDT" skipped="0">
  <testcase classname="com.salesforce.automation.Leads" name="DefaultView" time="29.958"/>
  <system-out/>
  <testcase classname="com.salesforce.automation.Leads" name="LeadsSelectView" time="18.032"/>
  <system-out/>
  <testcase classname="com.salesforce.automation.Leads" name="TodaysLeads" time="18.440"/>
  <system-out/>
  <testcase classname="com.salesforce.automation.Leads" name="LeadsTab" time="18.676"/>
  <system-out/>
  <testcase classname="com.salesforce.automation.Leads" name="NewButton" time="18.488"/>
  <system-out/>
</testsuite> <!-- com.salesforce.automation.Leads -->
