<?xml version="1.0" encoding="UTF-8"?>
<!-- Generated by org.testng.reporters.JUnitReportReporter -->
<testsuite hostname="Deepi" failures="0" tests="5" name="com.salesforce.automation.SDFCLogin" time="20.560" errors="0" timestamp="2022-06-12T01:18:23 PDT" skipped="0">
  <testcase classname="com.salesforce.automation.SDFCLogin" name="LoginErrorMessage" time="3.353"/>
  <system-out/>
  <testcase classname="com.salesforce.automation.SDFCLogin" name="CheckRememberMe" time="6.442"/>
  <system-out/>
  <testcase classname="com.salesforce.automation.SDFCLogin" name="LoginToSalesForce" time="5.800"/>
  <system-out/>
  <testcase classname="com.salesforce.automation.SDFCLogin" name="ForgetPasswordB" time="2.026"/>
  <system-out/>
  <testcase classname="com.salesforce.automation.SDFCLogin" name="ForgetPasswordA" time="2.939"/>
  <system-out/>
</testsuite> <!-- com.salesforce.automation.SDFCLogin -->
