<?xml version="1.0" encoding="UTF-8"?>
<!-- Generated by org.testng.reporters.JUnitReportReporter -->
<testsuite hostname="Deepi" failures="0" tests="5" name="com.salesforce.automation.RandomScenarios" time="102.197" errors="0" timestamp="2022-06-12T01:18:23 PDT" skipped="0">
  <testcase classname="com.salesforce.automation.RandomScenarios" name="WeeklyReccurance" time="26.642"/>
  <system-out/>
  <testcase classname="com.salesforce.automation.RandomScenarios" name="BlockingAnEventInCalendar" time="24.238"/>
  <system-out/>
  <testcase classname="com.salesforce.automation.RandomScenarios" name="VerifyTabCustomization" time="13.764"/>
  <system-out/>
  <testcase classname="com.salesforce.automation.RandomScenarios" name="VerifyEditedLastName" time="20.453"/>
  <system-out/>
  <testcase classname="com.salesforce.automation.RandomScenarios" name="VerifyFirstNameAndLastName" time="17.100"/>
  <system-out/>
</testsuite> <!-- com.salesforce.automation.RandomScenarios -->
